<?xml version="1.0" encoding="UTF-8"?>
<!-- Generated by org.testng.reporters.JUnitReportReporter -->
<testsuite skipped="0" hostname="Rezbaevdv" name="com.geekbrains.lesson5.TestCrm" tests="3" failures="0" timestamp="2021-05-15T15:25:30 YEKT" time="66.838" errors="0">
  <testcase name="saveNewProjectTest" time="29.277" classname="com.geekbrains.lesson5.TestCrm"/>
  <system-out/>
  <testcase name="saveNewContactTest" time="22.041" classname="com.geekbrains.lesson5.TestCrm"/>
  <system-out/>
  <testcase name="dragAndDropTest" time="15.520" classname="com.geekbrains.lesson5.TestCrm"/>
  <system-out/>
</testsuite> <!-- com.geekbrains.lesson5.TestCrm -->
