<?xml version="1.0" encoding="UTF-8"?>
<!-- Generated by org.testng.reporters.JUnitReportReporter -->
<testsuite skipped="0" hostname="Rezbaevdv" name="com.geekbrains.AppTest" tests="1" failures="0" timestamp="2021-05-15T16:00:53 YEKT" time="0.007" errors="0">
  <testcase name="shouldAnswerWithTrue" time="0.007" classname="com.geekbrains.AppTest"/>
  <system-out/>
</testsuite> <!-- com.geekbrains.AppTest -->
